
Terraform used the selected providers to generate the following execution
plan. Resource actions are indicated with the following symbols:
  [32m+[0m create[0m

Terraform will perform the following actions:

[1m  # google_artifact_registry_repository.microservices[0m will be created
[0m  [32m+[0m[0m resource "google_artifact_registry_repository" "microservices" {
      [32m+[0m[0m create_time      = (known after apply)
      [32m+[0m[0m description      = "Repositorio Docker para microservices-demo"
      [32m+[0m[0m effective_labels = (known after apply)
      [32m+[0m[0m format           = "DOCKER"
      [32m+[0m[0m id               = (known after apply)
      [32m+[0m[0m location         = "us-central1"
      [32m+[0m[0m mode             = "STANDARD_REPOSITORY"
      [32m+[0m[0m name             = (known after apply)
      [32m+[0m[0m project          = "project-e17fa96d-a2f8-4371-ad2"
      [32m+[0m[0m repository_id    = "microservices-demo"
      [32m+[0m[0m terraform_labels = (known after apply)
      [32m+[0m[0m update_time      = (known after apply)
    }

[1m  # google_container_cluster.primary[0m will be created
[0m  [32m+[0m[0m resource "google_container_cluster" "primary" {
      [32m+[0m[0m cluster_ipv4_cidr                        = (known after apply)
      [32m+[0m[0m datapath_provider                        = (known after apply)
      [32m+[0m[0m default_max_pods_per_node                = (known after apply)
      [32m+[0m[0m deletion_protection                      = true
      [32m+[0m[0m enable_autopilot                         = true
      [32m+[0m[0m enable_cilium_clusterwide_network_policy = false
      [32m+[0m[0m enable_intranode_visibility              = true
      [32m+[0m[0m enable_kubernetes_alpha                  = false
      [32m+[0m[0m enable_l4_ilb_subsetting                 = false
      [32m+[0m[0m enable_legacy_abac                       = false
      [32m+[0m[0m enable_multi_networking                  = false
      [32m+[0m[0m enable_shielded_nodes                    = true
      [32m+[0m[0m endpoint                                 = (known after apply)
      [32m+[0m[0m id                                       = (known after apply)
      [32m+[0m[0m label_fingerprint                        = (known after apply)
      [32m+[0m[0m location                                 = "us-central1"
      [32m+[0m[0m logging_service                          = (known after apply)
      [32m+[0m[0m master_version                           = (known after apply)
      [32m+[0m[0m monitoring_service                       = (known after apply)
      [32m+[0m[0m name                                     = "microservices-cluster"
      [32m+[0m[0m network                                  = "default"
      [32m+[0m[0m networking_mode                          = "VPC_NATIVE"
      [32m+[0m[0m node_locations                           = (known after apply)
      [32m+[0m[0m node_version                             = (known after apply)
      [32m+[0m[0m operation                                = (known after apply)
      [32m+[0m[0m private_ipv6_google_access               = (known after apply)
      [32m+[0m[0m project                                  = (known after apply)
      [32m+[0m[0m self_link                                = (known after apply)
      [32m+[0m[0m services_ipv4_cidr                       = (known after apply)
      [32m+[0m[0m subnetwork                               = (known after apply)
      [32m+[0m[0m tpu_ipv4_cidr_block                      = (known after apply)

      [32m+[0m[0m addons_config (known after apply)

      [32m+[0m[0m authenticator_groups_config (known after apply)

      [32m+[0m[0m cluster_autoscaling (known after apply)

      [32m+[0m[0m confidential_nodes (known after apply)

      [32m+[0m[0m cost_management_config (known after apply)

      [32m+[0m[0m database_encryption (known after apply)

      [32m+[0m[0m default_snat_status (known after apply)

      [32m+[0m[0m gateway_api_config (known after apply)

      [32m+[0m[0m identity_service_config (known after apply)

      [32m+[0m[0m ip_allocation_policy (known after apply)

      [32m+[0m[0m logging_config (known after apply)

      [32m+[0m[0m master_auth (known after apply)

      [32m+[0m[0m master_authorized_networks_config (known after apply)

      [32m+[0m[0m mesh_certificates (known after apply)

      [32m+[0m[0m monitoring_config (known after apply)

      [32m+[0m[0m node_config (known after apply)

      [32m+[0m[0m node_pool (known after apply)

      [32m+[0m[0m node_pool_auto_config (known after apply)

      [32m+[0m[0m node_pool_defaults (known after apply)

      [32m+[0m[0m notification_config (known after apply)

      [32m+[0m[0m release_channel (known after apply)

      [32m+[0m[0m security_posture_config (known after apply)

      [32m+[0m[0m service_external_ips_config (known after apply)

      [32m+[0m[0m vertical_pod_autoscaling (known after apply)

      [32m+[0m[0m workload_identity_config (known after apply)
    }

[1m  # google_project_service.artifactregistry[0m will be created
[0m  [32m+[0m[0m resource "google_project_service" "artifactregistry" {
      [32m+[0m[0m disable_on_destroy = false
      [32m+[0m[0m id                 = (known after apply)
      [32m+[0m[0m project            = "project-e17fa96d-a2f8-4371-ad2"
      [32m+[0m[0m service            = "artifactregistry.googleapis.com"
    }

[1m  # google_project_service.container[0m will be created
[0m  [32m+[0m[0m resource "google_project_service" "container" {
      [32m+[0m[0m disable_on_destroy = false
      [32m+[0m[0m id                 = (known after apply)
      [32m+[0m[0m project            = "project-e17fa96d-a2f8-4371-ad2"
      [32m+[0m[0m service            = "container.googleapis.com"
    }

[1mPlan:[0m [0m4 to add, 0 to change, 0 to destroy.

Changes to Outputs:
  [32m+[0m[0m artifact_registry_url = "us-central1-docker.pkg.dev/project-e17fa96d-a2f8-4371-ad2/microservices-demo"
  [32m+[0m[0m cluster_location      = "us-central1"
  [32m+[0m[0m cluster_name          = "microservices-cluster"
  [32m+[0m[0m kubectl_command       = "gcloud container clusters get-credentials microservices-cluster --region us-central1 --project project-e17fa96d-a2f8-4371-ad2"
[90m
─────────────────────────────────────────────────────────────────────────────[0m

Note: You didn't use the -out option to save this plan, so Terraform can't
guarantee to take exactly these actions if you run "terraform apply" now.
